/mnt/sda/xiang/syrust/syrust/bstr1/./src/unicode/grapheme.rs
err tests_rug_314 test_rug
   Compiling libc v0.2.153
   Compiling autocfg v1.1.0
   Compiling rand_core v0.4.2
   Compiling cfg-if v1.0.0
   Compiling proc-macro2 v1.0.78
   Compiling memchr v2.7.1
   Compiling unicode-ident v1.0.12
   Compiling syn v1.0.109
   Compiling cc v1.0.90
   Compiling gimli v0.28.1
   Compiling anyhow v1.0.81
   Compiling ppv-lite86 v0.2.17
   Compiling adler v1.0.2
   Compiling rustc-demangle v0.1.23
   Compiling lazy_static v1.4.0
   Compiling either v1.10.0
   Compiling regex-syntax v0.8.2
   Compiling pretty-hex v0.3.0
   Compiling arbitrary v1.3.2
   Compiling regex-automata v0.1.10
   Compiling unicode-segmentation v1.11.0
   Compiling miniz_oxide v0.7.2
   Compiling autocfg v0.1.8
   Compiling rand_core v0.3.1
   Compiling rand_jitter v0.1.4
   Compiling rand_chacha v0.1.1
   Compiling rand_pcg v0.1.2
   Compiling rand v0.6.5
   Compiling rand_xorshift v0.1.1
   Compiling rand_hc v0.1.0
   Compiling rand_isaac v0.1.1
   Compiling object v0.32.2
   Compiling aho-corasick v1.1.2
   Compiling backtrace v0.3.69
   Compiling getrandom v0.2.12
   Compiling rand_os v0.1.3
   Compiling quote v1.0.35
   Compiling rand_core v0.6.4
   Compiling rand_chacha v0.3.1
   Compiling regex-automata v0.4.5
   Compiling addr2line v0.21.0
   Compiling rand v0.8.5
   Compiling quickcheck v0.8.5
   Compiling regex v1.10.3
   Compiling bolero-generator-derive v0.8.0
   Compiling ucd-parse v0.1.3
   Compiling bolero-generator v0.8.0
   Compiling bolero-engine v0.8.1
   Compiling bolero v0.8.0
   Compiling bstr v0.2.14 (/mnt/sda/xiang/syrust/syrust/bstr1)
error[E0425]: cannot find value `p0` in this scope
   --> src/unicode/grapheme.rs:324:25
    |
324 |         decode_grapheme(p0);
    |                         ^^ not found in this scope

For more information about this error, try `rustc --explain E0425`.
error: could not compile `bstr` due to previous error
warning: build failed, waiting for other jobs to finish...

err tests_rug_315 test_rug
   Compiling bstr v0.2.14 (/mnt/sda/xiang/syrust/syrust/bstr1)
error[E0425]: cannot find value `p0` in this scope
   --> src/unicode/grapheme.rs:339:30
    |
339 |         decode_last_grapheme(p0);
    |                              ^^ not found in this scope

For more information about this error, try `rustc --explain E0425`.
error: could not compile `bstr` due to previous error

err tests_rug_317 test_rug
   Compiling bstr v0.2.14 (/mnt/sda/xiang/syrust/syrust/bstr1)
error[E0425]: cannot find value `p0` in this scope
   --> src/unicode/grapheme.rs:372:24
    |
372 |         Graphemes::new(p0);
    |                        ^^ not found in this scope

For more information about this error, try `rustc --explain E0425`.
error: could not compile `bstr` due to previous error
warning: build failed, waiting for other jobs to finish...

err tests_rug_318 test_rug
   Compiling bstr v0.2.14 (/mnt/sda/xiang/syrust/syrust/bstr1)
error[E0425]: cannot find value `data` in this scope
   --> src/unicode/grapheme.rs:386:22
    |
386 |         let mut it = data.graphemes();
    |                      ^^^^ not found in this scope

error[E0425]: cannot find value `data` in this scope
   --> src/unicode/grapheme.rs:387:26
    |
387 |         debug_assert_eq!(data, it.as_bytes());
    |                          ^^^^ not found in this scope

error[E0425]: cannot find value `rug_fuzz_1` in this scope
   --> src/unicode/grapheme.rs:389:26
    |
389 |         debug_assert_eq!(rug_fuzz_1, it.as_bytes());
    |                          ^^^^^^^^^^ help: a local variable with a similar name exists: `rug_fuzz_0`

For more information about this error, try `rustc --explain E0425`.
error: could not compile `bstr` due to 3 previous errors

err tests_rug_319 test_rug
   Compiling bstr v0.2.14 (/mnt/sda/xiang/syrust/syrust/bstr1)
error[E0425]: cannot find value `bs_sample` in this scope
   --> src/unicode/grapheme.rs:407:43
    |
407 |         let mut p0 = Graphemes::<'_>::new(bs_sample);
    |                                           ^^^^^^^^^ not found in this scope

For more information about this error, try `rustc --explain E0425`.
error: could not compile `bstr` due to previous error

err tests_rug_321 test_rug
   Compiling bstr v0.2.14 (/mnt/sda/xiang/syrust/syrust/bstr1)
error[E0425]: cannot find value `p0` in this scope
   --> src/unicode/grapheme.rs:421:49
    |
421 |         let _ = GraphemeIndices::<'static>::new(p0);
    |                                                 ^^ not found in this scope

For more information about this error, try `rustc --explain E0425`.
error: could not compile `bstr` due to previous error

err tests_rug_322 test_rug
    Blocking waiting for file lock on package cache
    Blocking waiting for file lock on package cache
    Blocking waiting for file lock on package cache
   Compiling bstr v0.2.14 (/mnt/sda/xiang/syrust/syrust/bstr1)
error[E0425]: cannot find value `s` in this scope
   --> src/unicode/grapheme.rs:434:22
    |
434 |         let mut it = s.grapheme_indices();
    |                      ^ not found in this scope

For more information about this error, try `rustc --explain E0425`.
error: could not compile `bstr` due to previous error

/mnt/sda/xiang/syrust/syrust/bstr1/./src/unicode/word.rs
err tests_rug_335 test_new
   Compiling bstr v0.2.14 (/mnt/sda/xiang/syrust/syrust/bstr1)
error[E0425]: cannot find value `p0` in this scope
   --> src/unicode/word.rs:373:26
    |
373 |         Words::<'_>::new(p0);
    |                          ^^ not found in this scope

For more information about this error, try `rustc --explain E0425`.
error: could not compile `bstr` due to previous error
warning: build failed, waiting for other jobs to finish...

err tests_rug_336 test_as_bytes
   Compiling bstr v0.2.14 (/mnt/sda/xiang/syrust/syrust/bstr1)
error[E0425]: cannot find value `rug_fuzz_1` in this scope
   --> src/unicode/word.rs:388:26
    |
388 |         debug_assert_eq!(rug_fuzz_1, p0.as_bytes());
    |                          ^^^^^^^^^^ help: a local variable with a similar name exists: `rug_fuzz_0`

error[E0425]: cannot find value `rug_fuzz_3` in this scope
   --> src/unicode/word.rs:393:26
    |
393 |         debug_assert_eq!(rug_fuzz_3, p0.as_bytes());
    |                          ^^^^^^^^^^ help: a local variable with a similar name exists: `rug_fuzz_0`

For more information about this error, try `rustc --explain E0425`.
error: could not compile `bstr` due to 2 previous errors

err tests_rug_338 test_new
   Compiling bstr v0.2.14 (/mnt/sda/xiang/syrust/syrust/bstr1)
error[E0425]: cannot find value `p0` in this scope
   --> src/unicode/word.rs:407:26
    |
407 |         WordIndices::new(p0);
    |                          ^^ not found in this scope

For more information about this error, try `rustc --explain E0425`.
error: could not compile `bstr` due to previous error

err tests_rug_341 test_new
   Compiling bstr v0.2.14 (/mnt/sda/xiang/syrust/syrust/bstr1)
error[E0425]: cannot find value `data` in this scope
   --> src/unicode/word.rs:433:18
    |
433 |         let p0 = data;
    |                  ^^^^ not found in this scope

For more information about this error, try `rustc --explain E0425`.
error: could not compile `bstr` due to previous error
warning: build failed, waiting for other jobs to finish...

err tests_rug_342 test_as_bytes
   Compiling bstr v0.2.14 (/mnt/sda/xiang/syrust/syrust/bstr1)
error[E0425]: cannot find value `data` in this scope
   --> src/unicode/word.rs:449:22
    |
449 |         let mut it = data.words_with_breaks();
    |                      ^^^^ not found in this scope

error[E0425]: cannot find value `rug_fuzz_1` in this scope
   --> src/unicode/word.rs:451:26
    |
451 |         debug_assert_eq!(rug_fuzz_1, it.as_bytes());
    |                          ^^^^^^^^^^ help: a local variable with a similar name exists: `rug_fuzz_0`

error[E0425]: cannot find value `rug_fuzz_3` in this scope
   --> src/unicode/word.rs:456:26
    |
456 |         debug_assert_eq!(rug_fuzz_3, it.as_bytes());
    |                          ^^^^^^^^^^ help: a local variable with a similar name exists: `rug_fuzz_0`

For more information about this error, try `rustc --explain E0425`.
error: could not compile `bstr` due to 3 previous errors
warning: build failed, waiting for other jobs to finish...

err tests_rug_343 test_rug
   Compiling bstr v0.2.14 (/mnt/sda/xiang/syrust/syrust/bstr1)
error[E0425]: cannot find value `bs` in this scope
   --> src/unicode/word.rs:475:54
    |
475 |         let words_with_breaks = WordsWithBreaks::new(bs);
    |                                                      ^^ not found in this scope

For more information about this error, try `rustc --explain E0425`.
error: could not compile `bstr` due to previous error
warning: build failed, waiting for other jobs to finish...

err tests_rug_344 test_new
   Compiling bstr v0.2.14 (/mnt/sda/xiang/syrust/syrust/bstr1)
error[E0425]: cannot find value `p0` in this scope
   --> src/unicode/word.rs:492:42
    |
492 |         WordsWithBreakIndices::<'_>::new(p0);
    |                                          ^^ not found in this scope

For more information about this error, try `rustc --explain E0425`.
error: could not compile `bstr` due to previous error

err tests_rug_345 test_rug
   Compiling bstr v0.2.14 (/mnt/sda/xiang/syrust/syrust/bstr1)
error[E0425]: cannot find value `rug_fuzz_1` in this scope
   --> src/unicode/word.rs:509:26
    |
509 |         debug_assert_eq!(rug_fuzz_1, < WordsWithBreakIndices < '_ > > ::as_bytes(p0));
    |                          ^^^^^^^^^^ help: a local variable with a similar name exists: `rug_fuzz_0`

For more information about this error, try `rustc --explain E0425`.
error: could not compile `bstr` due to previous error
warning: build failed, waiting for other jobs to finish...

/mnt/sda/xiang/syrust/syrust/bstr1/./src/unicode/whitespace.rs
err tests_rug_332 test_rug
   Compiling bstr v0.2.14 (/mnt/sda/xiang/syrust/syrust/bstr1)
error[E0425]: cannot find value `p0` in this scope
  --> src/unicode/whitespace.rs:27:28
   |
27 |         whitespace_len_fwd(p0);
   |                            ^^ not found in this scope

For more information about this error, try `rustc --explain E0425`.
error: could not compile `bstr` due to previous error
warning: build failed, waiting for other jobs to finish...

err tests_rug_333 test_whitespace_len_rev
   Compiling bstr v0.2.14 (/mnt/sda/xiang/syrust/syrust/bstr1)
error[E0425]: cannot find value `slice` in this scope
  --> src/unicode/whitespace.rs:39:74
   |
39 |         debug_assert_eq!(crate ::unicode::whitespace::whitespace_len_rev(slice), 13);
   |                                                                          ^^^^^ not found in this scope

For more information about this error, try `rustc --explain E0425`.
error: could not compile `bstr` due to previous error

/mnt/sda/xiang/syrust/syrust/bstr1/./src/unicode/fsm/grapheme_break_rev.rs
/mnt/sda/xiang/syrust/syrust/bstr1/./src/unicode/fsm/whitespace_anchored_rev.rs
/mnt/sda/xiang/syrust/syrust/bstr1/./src/unicode/fsm/regional_indicator_rev.rs
/mnt/sda/xiang/syrust/syrust/bstr1/./src/unicode/fsm/simple_word_fwd.rs
/mnt/sda/xiang/syrust/syrust/bstr1/./src/unicode/fsm/grapheme_break_fwd.rs
/mnt/sda/xiang/syrust/syrust/bstr1/./src/unicode/fsm/whitespace_anchored_fwd.rs
/mnt/sda/xiang/syrust/syrust/bstr1/./src/unicode/fsm/word_break_fwd.rs
/mnt/sda/xiang/syrust/syrust/bstr1/./src/unicode/fsm/mod.rs
/mnt/sda/xiang/syrust/syrust/bstr1/./src/unicode/fsm/sentence_break_fwd.rs
/mnt/sda/xiang/syrust/syrust/bstr1/./src/unicode/mod.rs
/mnt/sda/xiang/syrust/syrust/bstr1/./src/unicode/sentence.rs
err tests_rug_325 test_rug
   Compiling bstr v0.2.14 (/mnt/sda/xiang/syrust/syrust/bstr1)
error[E0425]: cannot find value `p0` in this scope
   --> src/unicode/sentence.rs:209:25
    |
209 |         decode_sentence(p0);
    |                         ^^ not found in this scope

For more information about this error, try `rustc --explain E0425`.
error: could not compile `bstr` due to previous error

err tests_rug_326 test_rug
    Blocking waiting for file lock on package cache
    Blocking waiting for file lock on package cache
    Blocking waiting for file lock on package cache
   Compiling bstr v0.2.14 (/mnt/sda/xiang/syrust/syrust/bstr1)
error[E0425]: cannot find value `p0` in this scope
   --> src/unicode/sentence.rs:222:24
    |
222 |         Sentences::new(p0);
    |                        ^^ not found in this scope

For more information about this error, try `rustc --explain E0425`.
error: could not compile `bstr` due to previous error

err tests_rug_327 test_rug
    Blocking waiting for file lock on package cache
   Compiling bstr v0.2.14 (/mnt/sda/xiang/syrust/syrust/bstr1)
error[E0425]: cannot find value `text` in this scope
   --> src/unicode/sentence.rs:235:22
    |
235 |         let mut it = text.sentences();
    |                      ^^^^ not found in this scope

For more information about this error, try `rustc --explain E0425`.
error: could not compile `bstr` due to previous error
warning: build failed, waiting for other jobs to finish...

err tests_rug_329 test_rug
   Compiling bstr v0.2.14 (/mnt/sda/xiang/syrust/syrust/bstr1)
error[E0425]: cannot find value `p0` in this scope
   --> src/unicode/sentence.rs:249:30
    |
249 |         SentenceIndices::new(p0);
    |                              ^^ not found in this scope

For more information about this error, try `rustc --explain E0425`.
error: could not compile `bstr` due to previous error

err tests_rug_330 test_rug
   Compiling bstr v0.2.14 (/mnt/sda/xiang/syrust/syrust/bstr1)
error[E0425]: cannot find value `data` in this scope
   --> src/unicode/sentence.rs:263:22
    |
263 |         let mut it = data.sentence_indices();
    |                      ^^^^ not found in this scope

error[E0425]: cannot find value `data` in this scope
   --> src/unicode/sentence.rs:264:28
    |
264 |         debug_assert_eq!(& data[..], it.as_bytes());
    |                            ^^^^ not found in this scope

error[E0425]: cannot find value `rug_fuzz_1` in this scope
   --> src/unicode/sentence.rs:266:26
    |
266 |         debug_assert_eq!(rug_fuzz_1, it.as_bytes());
    |                          ^^^^^^^^^^ help: a local variable with a similar name exists: `rug_fuzz_0`

For more information about this error, try `rustc --explain E0425`.
error: could not compile `bstr` due to 3 previous errors

/mnt/sda/xiang/syrust/syrust/bstr1/./src/bstring.rs
/mnt/sda/xiang/syrust/syrust/bstr1/./src/utf8.rs
err tests_rug_352 test_rug
   Compiling bstr v0.2.14 (/mnt/sda/xiang/syrust/syrust/bstr1)
error[E0425]: cannot find value `bytes` in this scope
    --> src/utf8.rs:1431:28
     |
1431 |         let p0 = BStr::new(bytes);
     |                            ^^^^^ not found in this scope

For more information about this error, try `rustc --explain E0425`.
error: could not compile `bstr` due to previous error
warning: build failed, waiting for other jobs to finish...

err tests_rug_353 test_rug
    Blocking waiting for file lock on package cache
   Compiling bstr v0.2.14 (/mnt/sda/xiang/syrust/syrust/bstr1)
error[E0425]: cannot find value `bytes` in this scope
    --> src/utf8.rs:1445:28
     |
1445 |         let p0 = BStr::new(bytes);
     |                            ^^^^^ not found in this scope

For more information about this error, try `rustc --explain E0425`.
error: could not compile `bstr` due to previous error

err tests_rug_354 test_rug
   Compiling bstr v0.2.14 (/mnt/sda/xiang/syrust/syrust/bstr1)
error[E0425]: cannot find value `bytes` in this scope
    --> src/utf8.rs:1459:28
     |
1459 |         let p0 = BStr::new(bytes);
     |                            ^^^^^ not found in this scope

For more information about this error, try `rustc --explain E0425`.
error: could not compile `bstr` due to previous error

err tests_rug_355 test_rug
   Compiling bstr v0.2.14 (/mnt/sda/xiang/syrust/syrust/bstr1)
error[E0425]: cannot find value `bytes` in this scope
    --> src/utf8.rs:1473:28
     |
1473 |         let p0 = BStr::new(bytes);
     |                            ^^^^^ not found in this scope

For more information about this error, try `rustc --explain E0425`.
error: could not compile `bstr` due to previous error
warning: build failed, waiting for other jobs to finish...

err tests_rug_358 test_chars_new
   Compiling bstr v0.2.14 (/mnt/sda/xiang/syrust/syrust/bstr1)
error[E0425]: cannot find value `p0` in this scope
    --> src/utf8.rs:1528:26
     |
1528 |         Chars::<'_>::new(p0);
     |                          ^^ not found in this scope

For more information about this error, try `rustc --explain E0425`.
error: could not compile `bstr` due to previous error

err tests_rug_359 test_rug
   Compiling bstr v0.2.14 (/mnt/sda/xiang/syrust/syrust/bstr1)
error[E0425]: cannot find value `rug_fuzz_1` in this scope
    --> src/utf8.rs:1544:26
     |
1544 |         debug_assert_eq!(rug_fuzz_1, chars.as_bytes());
     |                          ^^^^^^^^^^ help: a local variable with a similar name exists: `rug_fuzz_0`

error[E0425]: cannot find value `rug_fuzz_3` in this scope
    --> src/utf8.rs:1549:26
     |
1549 |         debug_assert_eq!(rug_fuzz_3, chars.as_bytes());
     |                          ^^^^^^^^^^ help: a local variable with a similar name exists: `rug_fuzz_0`

For more information about this error, try `rustc --explain E0425`.
error: could not compile `bstr` due to 2 previous errors

err tests_rug_360 test_rug
   Compiling bstr v0.2.14 (/mnt/sda/xiang/syrust/syrust/bstr1)
error[E0425]: cannot find value `data` in this scope
    --> src/utf8.rs:1564:39
     |
1564 |         let mut p0 = utf8::Chars::new(data);
     |                                       ^^^^ not found in this scope

For more information about this error, try `rustc --explain E0425`.
error: could not compile `bstr` due to previous error

err tests_rug_361 test_rug
   Compiling bstr v0.2.14 (/mnt/sda/xiang/syrust/syrust/bstr1)
error[E0425]: cannot find value `data` in this scope
    --> src/utf8.rs:1579:39
     |
1579 |         let mut p0 = utf8::Chars::new(data);
     |                                       ^^^^ not found in this scope

For more information about this error, try `rustc --explain E0425`.
error: could not compile `bstr` due to previous error

err tests_rug_362 test_new
   Compiling bstr v0.2.14 (/mnt/sda/xiang/syrust/syrust/bstr1)
error[E0425]: cannot find value `p0` in this scope
    --> src/utf8.rs:1593:26
     |
1593 |         CharIndices::new(p0);
     |                          ^^ not found in this scope

For more information about this error, try `rustc --explain E0425`.
error: could not compile `bstr` due to previous error

err tests_rug_363 test_rug
   Compiling bstr v0.2.14 (/mnt/sda/xiang/syrust/syrust/bstr1)
error[E0425]: cannot find value `rug_fuzz_1` in this scope
    --> src/utf8.rs:1609:26
     |
1609 |         debug_assert_eq!(rug_fuzz_1, p0.as_bytes());
     |                          ^^^^^^^^^^ help: a local variable with a similar name exists: `rug_fuzz_0`

error[E0425]: cannot find value `rug_fuzz_3` in this scope
    --> src/utf8.rs:1614:26
     |
1614 |         debug_assert_eq!(rug_fuzz_3, p0.as_bytes());
     |                          ^^^^^^^^^^ help: a local variable with a similar name exists: `rug_fuzz_0`

For more information about this error, try `rustc --explain E0425`.
error: could not compile `bstr` due to 2 previous errors

/mnt/sda/xiang/syrust/syrust/bstr1/./src/cow.rs
err tests_rug_385 test_rug
    Blocking waiting for file lock on package cache
   Compiling bstr v0.2.14 (/mnt/sda/xiang/syrust/syrust/bstr1)
error[E0433]: failed to resolve: use of undeclared type `BStr`
  --> src/cow.rs:87:18
   |
87 |         let p0 = BStr::new(bytes);
   |                  ^^^^ use of undeclared type `BStr`
   |
help: consider importing this struct
   |
74 |     use BStr;
   |

For more information about this error, try `rustc --explain E0433`.
error: could not compile `bstr` due to previous error

err tests_rug_389 test_rug
   Compiling bstr v0.2.14 (/mnt/sda/xiang/syrust/syrust/bstr1)
error[E0425]: cannot find value `p0` in this scope
   --> src/cow.rs:134:29
    |
134 |         Imp::<'static>::new(p0);
    |                             ^^ not found in this scope

For more information about this error, try `rustc --explain E0425`.
error: could not compile `bstr` due to previous error

/mnt/sda/xiang/syrust/syrust/bstr1/./src/io.rs
err tests_rug_303 test_trim_line_slice
   Compiling bstr v0.2.14 (/mnt/sda/xiang/syrust/syrust/bstr1)
error[E0425]: cannot find value `p0` in this scope
   --> src/io.rs:500:36
    |
500 |         crate::io::trim_line_slice(p0);
    |                                    ^^ not found in this scope

For more information about this error, try `rustc --explain E0425`.
error: could not compile `bstr` due to previous error

/mnt/sda/xiang/syrust/syrust/bstr1/./src/byteset/scalar.rs
err tests_rug_8 test_rug
   Compiling bstr v0.2.14 (/mnt/sda/xiang/syrust/syrust/bstr1)
error[E0425]: cannot find value `p0` in this scope
   --> src/byteset/scalar.rs:260:20
    |
260 |         inv_memchr(p0, p1);
    |                    ^^ help: a local variable with a similar name exists: `p1`

For more information about this error, try `rustc --explain E0425`.
error: could not compile `bstr` due to previous error

err tests_rug_9 test_rug
   Compiling bstr v0.2.14 (/mnt/sda/xiang/syrust/syrust/bstr1)
error[E0425]: cannot find value `p0` in this scope
   --> src/byteset/scalar.rs:276:21
    |
276 |         inv_memrchr(p0, p1);
    |                     ^^ help: a local variable with a similar name exists: `p1`

For more information about this error, try `rustc --explain E0425`.
error: could not compile `bstr` due to previous error

/mnt/sda/xiang/syrust/syrust/bstr1/./src/byteset/mod.rs
err tests_rug_17 test_rug
   Compiling bstr v0.2.14 (/mnt/sda/xiang/syrust/syrust/bstr1)
error[E0425]: cannot find value `rug_fuzz_1` in this scope
   --> src/byteset/mod.rs:151:25
    |
151 |         let p1: &[u8] = rug_fuzz_1;
    |                         ^^^^^^^^^^ help: a local variable with a similar name exists: `rug_fuzz_0`

For more information about this error, try `rustc --explain E0425`.
error: could not compile `bstr` due to previous error

err tests_rug_18 test_rug
   Compiling bstr v0.2.14 (/mnt/sda/xiang/syrust/syrust/bstr1)
error[E0425]: cannot find value `rug_fuzz_1` in this scope
   --> src/byteset/mod.rs:166:25
    |
166 |         let p1: &[u8] = rug_fuzz_1;
    |                         ^^^^^^^^^^ help: a local variable with a similar name exists: `rug_fuzz_0`

For more information about this error, try `rustc --explain E0425`.
error: could not compile `bstr` due to previous error
warning: build failed, waiting for other jobs to finish...

err tests_rug_19 test_rug
    Blocking waiting for file lock on package cache
    Blocking waiting for file lock on package cache
    Blocking waiting for file lock on package cache
   Compiling bstr v0.2.14 (/mnt/sda/xiang/syrust/syrust/bstr1)
error[E0425]: cannot find value `rug_fuzz_1` in this scope
   --> src/byteset/mod.rs:180:25
    |
180 |         let p1: &[u8] = rug_fuzz_1;
    |                         ^^^^^^^^^^ help: a local variable with a similar name exists: `rug_fuzz_0`

For more information about this error, try `rustc --explain E0425`.
error: could not compile `bstr` due to previous error

err tests_rug_20 test_rug
   Compiling bstr v0.2.14 (/mnt/sda/xiang/syrust/syrust/bstr1)
error[E0425]: cannot find value `rug_fuzz_1` in this scope
   --> src/byteset/mod.rs:196:25
    |
196 |         let p1: &[u8] = rug_fuzz_1;
    |                         ^^^^^^^^^^ help: a local variable with a similar name exists: `rug_fuzz_0`

For more information about this error, try `rustc --explain E0425`.
error: could not compile `bstr` due to previous error

/mnt/sda/xiang/syrust/syrust/bstr1/./src/bstr.rs
err tests_rug_374 test_rug
   Compiling bstr v0.2.14 (/mnt/sda/xiang/syrust/syrust/bstr1)
error[E0425]: cannot find value `bytes` in this scope
  --> src/bstr.rs:79:28
   |
79 |         let p0 = BStr::new(bytes);
   |                            ^^^^^ not found in this scope

For more information about this error, try `rustc --explain E0425`.
error: could not compile `bstr` due to previous error

err tests_rug_376 test_rug
    Blocking waiting for file lock on package cache
    Blocking waiting for file lock on package cache
   Compiling bstr v0.2.14 (/mnt/sda/xiang/syrust/syrust/bstr1)
error[E0425]: cannot find value `p0` in this scope
   --> src/bstr.rs:111:34
    |
111 |         let _ = BStr::from_bytes(p0);
    |                                  ^^ not found in this scope

For more information about this error, try `rustc --explain E0425`.
error: could not compile `bstr` due to previous error

err tests_rug_380 test_rug
   Compiling bstr v0.2.14 (/mnt/sda/xiang/syrust/syrust/bstr1)
error[E0425]: cannot find value `bytes` in this scope
   --> src/bstr.rs:160:28
    |
160 |         let p0 = BStr::new(bytes);
    |                            ^^^^^ not found in this scope

For more information about this error, try `rustc --explain E0425`.
error: could not compile `bstr` due to previous error

/mnt/sda/xiang/syrust/syrust/bstr1/./src/tests.rs
/mnt/sda/xiang/syrust/syrust/bstr1/./src/ascii.rs
err tests_rug_1 test_first_non_ascii_byte
   Compiling bstr v0.2.14 (/mnt/sda/xiang/syrust/syrust/bstr1)
error[E0425]: cannot find value `p0` in this scope
   --> src/ascii.rs:250:62
    |
250 |         debug_assert_eq!(crate ::ascii::first_non_ascii_byte(p0), 5);
    |                                                              ^^ not found in this scope

For more information about this error, try `rustc --explain E0425`.
error: could not compile `bstr` due to previous error

err tests_rug_3 test_rug
   Compiling bstr v0.2.14 (/mnt/sda/xiang/syrust/syrust/bstr1)
error[E0425]: cannot find value `rug_fuzz_1` in this scope
   --> src/ascii.rs:302:22
    |
302 |         let mut p1 = rug_fuzz_1.as_ptr();
    |                      ^^^^^^^^^^ help: a local variable with a similar name exists: `rug_fuzz_0`

error[E0425]: cannot find value `p0` in this scope
   --> src/ascii.rs:304:58
    |
304 |         unsafe { crate::ascii::first_non_ascii_byte_slow(p0, p1, p2) };
    |                                                          ^^ help: a local variable with a similar name exists: `p1`

For more information about this error, try `rustc --explain E0425`.
error: could not compile `bstr` due to 2 previous errors

/mnt/sda/xiang/syrust/syrust/bstr1/./src/search/twoway.rs
err tests_rug_402 test_rug
   Compiling bstr v0.2.14 (/mnt/sda/xiang/syrust/syrust/bstr1)
error[E0425]: cannot find value `needle` in this scope
   --> src/search/twoway.rs:777:36
    |
777 |         TwoWay::<'static>::forward(needle);
    |                                    ^^^^^^ not found in this scope

For more information about this error, try `rustc --explain E0425`.
error: could not compile `bstr` due to previous error

err tests_rug_403 test_rug
   Compiling bstr v0.2.14 (/mnt/sda/xiang/syrust/syrust/bstr1)
error[E0425]: cannot find value `needle` in this scope
   --> src/search/twoway.rs:790:18
    |
790 |         let p0 = needle;
    |                  ^^^^^^ not found in this scope

For more information about this error, try `rustc --explain E0425`.
error: could not compile `bstr` due to previous error

err tests_rug_421 test_rug
    Blocking waiting for file lock on package cache
    Blocking waiting for file lock on package cache
    Blocking waiting for file lock on package cache
   Compiling bstr v0.2.14 (/mnt/sda/xiang/syrust/syrust/bstr1)
error[E0425]: cannot find value `p0` in this scope
   --> src/search/twoway.rs:858:25
    |
858 |         Suffix::forward(p0, p1);
    |                         ^^ help: a local variable with a similar name exists: `p1`

For more information about this error, try `rustc --explain E0425`.
error: could not compile `bstr` due to previous error
warning: build failed, waiting for other jobs to finish...

/mnt/sda/xiang/syrust/syrust/bstr1/./src/search/tests.rs
/mnt/sda/xiang/syrust/syrust/bstr1/./src/search/byte_frequencies.rs
/mnt/sda/xiang/syrust/syrust/bstr1/./src/search/prefilter.rs
err tests_rug_395 test_rug
   Compiling bstr v0.2.14 (/mnt/sda/xiang/syrust/syrust/bstr1)
error[E0425]: cannot find value `needle` in this scope
   --> src/search/prefilter.rs:435:33
    |
435 |         let p0 = Freqy::forward(needle);
    |                                 ^^^^^^ not found in this scope

For more information about this error, try `rustc --explain E0425`.
error: could not compile `bstr` due to previous error

err tests_rug_397 test_rug
    Blocking waiting for file lock on package cache
    Blocking waiting for file lock on package cache
    Blocking waiting for file lock on package cache
   Compiling bstr v0.2.14 (/mnt/sda/xiang/syrust/syrust/bstr1)
error[E0425]: cannot find value `p0` in this scope
   --> src/search/prefilter.rs:460:24
    |
460 |         Freqy::forward(p0);
    |                        ^^ not found in this scope

For more information about this error, try `rustc --explain E0425`.
error: could not compile `bstr` due to previous error

err tests_rug_398 test_rug
   Compiling bstr v0.2.14 (/mnt/sda/xiang/syrust/syrust/bstr1)
error[E0425]: cannot find value `p0` in this scope
   --> src/search/prefilter.rs:473:24
    |
473 |         Freqy::reverse(p0);
    |                        ^^ not found in this scope

For more information about this error, try `rustc --explain E0425`.
error: could not compile `bstr` due to previous error

/mnt/sda/xiang/syrust/syrust/bstr1/./src/search/mod.rs
/mnt/sda/xiang/syrust/syrust/bstr1/./src/impls.rs
err tests_rug_183 test_rug
   Compiling bstr v0.2.14 (/mnt/sda/xiang/syrust/syrust/bstr1)
error[E0425]: cannot find value `bytes` in this scope
   --> src/impls.rs:838:28
    |
838 |         let p0 = BStr::new(bytes);
    |                            ^^^^^ not found in this scope

For more information about this error, try `rustc --explain E0425`.
error: could not compile `bstr` due to previous error
warning: build failed, waiting for other jobs to finish...

err tests_rug_185 test_from
   Compiling bstr v0.2.14 (/mnt/sda/xiang/syrust/syrust/bstr1)
error[E0425]: cannot find value `p0` in this scope
   --> src/impls.rs:853:25
    |
853 |         <BString>::from(p0);
    |                         ^^ not found in this scope

For more information about this error, try `rustc --explain E0425`.
error: could not compile `bstr` due to previous error

err tests_rug_202 test_rug
   Compiling bstr v0.2.14 (/mnt/sda/xiang/syrust/syrust/bstr1)
error[E0425]: cannot find value `p0` in this scope
    --> src/impls.rs:1063:20
     |
1063 |         <[u8]>::eq(p0, p1.as_bytes());
     |                    ^^ help: a local variable with a similar name exists: `p1`

For more information about this error, try `rustc --explain E0425`.
error: could not compile `bstr` due to previous error

err tests_rug_203 test_rug
   Compiling bstr v0.2.14 (/mnt/sda/xiang/syrust/syrust/bstr1)
error[E0425]: cannot find value `p0` in this scope
    --> src/impls.rs:1078:9
     |
1078 |         p0.eq(&p1);
     |         ^^ help: a local variable with a similar name exists: `p1`

For more information about this error, try `rustc --explain E0425`.
error: could not compile `bstr` due to previous error

err tests_rug_211 test_rug
   Compiling bstr v0.2.14 (/mnt/sda/xiang/syrust/syrust/bstr1)
error[E0425]: cannot find value `p0` in this scope
    --> src/impls.rs:1237:9
     |
1237 |         p0.eq(&p1);
     |         ^^ help: a local variable with a similar name exists: `p1`

For more information about this error, try `rustc --explain E0425`.
error: could not compile `bstr` due to previous error

err tests_rug_212 test_rug
   Compiling bstr v0.2.14 (/mnt/sda/xiang/syrust/syrust/bstr1)
error[E0425]: cannot find value `bytes` in this scope
    --> src/impls.rs:1251:28
     |
1251 |         let p0 = BStr::new(bytes);
     |                            ^^^^^ not found in this scope

For more information about this error, try `rustc --explain E0425`.
error: could not compile `bstr` due to previous error

err tests_rug_214 test_rug
   Compiling bstr v0.2.14 (/mnt/sda/xiang/syrust/syrust/bstr1)
error[E0425]: cannot find value `bytes` in this scope
    --> src/impls.rs:1267:28
     |
1267 |         let p0 = BStr::new(bytes);
     |                            ^^^^^ not found in this scope

For more information about this error, try `rustc --explain E0425`.
error: could not compile `bstr` due to previous error

err tests_rug_219 test_rug
   Compiling bstr v0.2.14 (/mnt/sda/xiang/syrust/syrust/bstr1)
error[E0425]: cannot find value `p0` in this scope
    --> src/impls.rs:1353:9
     |
1353 |         p0.partial_cmp(p1);
     |         ^^ help: a local variable with a similar name exists: `p1`

For more information about this error, try `rustc --explain E0425`.
error: could not compile `bstr` due to previous error

err tests_rug_220 test_rug
   Compiling bstr v0.2.14 (/mnt/sda/xiang/syrust/syrust/bstr1)
error[E0425]: cannot find value `p0` in this scope
    --> src/impls.rs:1368:29
     |
1368 |         <[u8]>::partial_cmp(p0, p1.as_bytes());
     |                             ^^ help: a local variable with a similar name exists: `p1`

For more information about this error, try `rustc --explain E0425`.
error: could not compile `bstr` due to previous error

err tests_rug_221 test_rug
    Blocking waiting for file lock on package cache
   Compiling bstr v0.2.14 (/mnt/sda/xiang/syrust/syrust/bstr1)
error[E0425]: cannot find value `p0` in this scope
    --> src/impls.rs:1384:54
     |
1384 |         <BString as PartialOrd<&[u8]>>::partial_cmp(&p0, &p1);
     |                                                      ^^ help: a local variable with a similar name exists: `p1`

For more information about this error, try `rustc --explain E0425`.
error: could not compile `bstr` due to previous error

err tests_rug_222 test_rug
   Compiling bstr v0.2.14 (/mnt/sda/xiang/syrust/syrust/bstr1)
error[E0597]: `rug_fuzz_0_ext` does not live long enough
    --> src/impls.rs:1397:18
     |
1397 | let rug_fuzz_0 = & rug_fuzz_0_ext;
     |                  ^^^^^^^^^^^^^^^^ borrowed value does not live long enough
1398 |         let data1: &'static [u8] = rug_fuzz_0;
     |                    ------------- type annotation requires that `rug_fuzz_0_ext` is borrowed for `'static`
...
1404 | });    }
     | - `rug_fuzz_0_ext` dropped here while still borrowed

For more information about this error, try `rustc --explain E0597`.
error: could not compile `bstr` due to previous error
warning: build failed, waiting for other jobs to finish...

err tests_rug_229 test_rug
   Compiling bstr v0.2.14 (/mnt/sda/xiang/syrust/syrust/bstr1)
error[E0425]: cannot find value `p0` in this scope
    --> src/impls.rs:1538:9
     |
1538 |         p0.partial_cmp(&p1);
     |         ^^ help: a local variable with a similar name exists: `p1`

For more information about this error, try `rustc --explain E0425`.
error: could not compile `bstr` due to previous error

err tests_rug_230 test_rug
   Compiling bstr v0.2.14 (/mnt/sda/xiang/syrust/syrust/bstr1)
error[E0425]: cannot find value `bytes` in this scope
    --> src/impls.rs:1553:28
     |
1553 |         let p0 = BStr::new(bytes);
     |                            ^^^^^ not found in this scope

For more information about this error, try `rustc --explain E0425`.
error: could not compile `bstr` due to previous error

err tests_rug_231 test_rug
   Compiling bstr v0.2.14 (/mnt/sda/xiang/syrust/syrust/bstr1)
error[E0425]: cannot find value `p0` in this scope
    --> src/impls.rs:1571:9
     |
1571 |         p0.partial_cmp(&p1);
     |         ^^ help: a local variable with a similar name exists: `p1`

For more information about this error, try `rustc --explain E0425`.
error: could not compile `bstr` due to previous error

err tests_rug_232 test_rug
   Compiling bstr v0.2.14 (/mnt/sda/xiang/syrust/syrust/bstr1)
error[E0425]: cannot find value `bytes0` in this scope
    --> src/impls.rs:1585:28
     |
1585 |         let p0 = BStr::new(bytes0);
     |                            ^^^^^^ not found in this scope

For more information about this error, try `rustc --explain E0425`.
error: could not compile `bstr` due to previous error

err tests_rug_233 test_rug
   Compiling bstr v0.2.14 (/mnt/sda/xiang/syrust/syrust/bstr1)
error[E0425]: cannot find value `bytes` in this scope
    --> src/impls.rs:1601:28
     |
1601 |         let p0 = BStr::new(bytes);
     |                            ^^^^^ not found in this scope

For more information about this error, try `rustc --explain E0425`.
error: could not compile `bstr` due to previous error

err tests_rug_236 test_rug
   Compiling bstr v0.2.14 (/mnt/sda/xiang/syrust/syrust/bstr1)
error[E0425]: cannot find value `bytes` in this scope
    --> src/impls.rs:1639:30
     |
1639 |         let bstr = BStr::new(bytes);
     |                              ^^^^^ not found in this scope

For more information about this error, try `rustc --explain E0425`.
error: could not compile `bstr` due to previous error

err tests_rug_249 test_rug
   Compiling bstr v0.2.14 (/mnt/sda/xiang/syrust/syrust/bstr1)
error[E0425]: cannot find value `bytes` in this scope
    --> src/impls.rs:1772:28
     |
1772 |         let p0 = BStr::new(bytes);
     |                            ^^^^^ not found in this scope

For more information about this error, try `rustc --explain E0425`.
error: could not compile `bstr` due to previous error
warning: build failed, waiting for other jobs to finish...

err tests_rug_250 test_rug
   Compiling bstr v0.2.14 (/mnt/sda/xiang/syrust/syrust/bstr1)
error[E0425]: cannot find value `input_data` in this scope
    --> src/impls.rs:1787:18
     |
1787 |         let p0 = input_data;
     |                  ^^^^^^^^^^ not found in this scope

For more information about this error, try `rustc --explain E0425`.
error: could not compile `bstr` due to previous error

err tests_rug_256 test_rug
    Blocking waiting for file lock on package cache
   Compiling bstr v0.2.14 (/mnt/sda/xiang/syrust/syrust/bstr1)
error[E0425]: cannot find value `p0` in this scope
    --> src/impls.rs:1873:31
     |
1873 |         <&'static BStr>::from(p0);
     |                               ^^ not found in this scope

For more information about this error, try `rustc --explain E0425`.
error: could not compile `bstr` due to previous error

err tests_rug_261 test_rug
   Compiling bstr v0.2.14 (/mnt/sda/xiang/syrust/syrust/bstr1)
error[E0425]: cannot find value `rug_fuzz_1` in this scope
    --> src/impls.rs:1908:29
     |
1908 |         let bytes2: &[u8] = rug_fuzz_1;
     |                             ^^^^^^^^^^ help: a local variable with a similar name exists: `rug_fuzz_0`

For more information about this error, try `rustc --explain E0425`.
error: could not compile `bstr` due to previous error

err tests_rug_262 test_rug
    Blocking waiting for file lock on package cache
    Blocking waiting for file lock on package cache
    Blocking waiting for file lock on package cache
   Compiling bstr v0.2.14 (/mnt/sda/xiang/syrust/syrust/bstr1)
error[E0425]: cannot find value `rug_fuzz_1` in this scope
    --> src/impls.rs:1927:34
     |
1927 |         let other_bytes: &[u8] = rug_fuzz_1;
     |                                  ^^^^^^^^^^ help: a local variable with a similar name exists: `rug_fuzz_0`

For more information about this error, try `rustc --explain E0425`.
error: could not compile `bstr` due to previous error

err tests_rug_263 test_rug
   Compiling bstr v0.2.14 (/mnt/sda/xiang/syrust/syrust/bstr1)
error[E0425]: cannot find value `rug_fuzz_1` in this scope
    --> src/impls.rs:1944:28
     |
1944 |         let bytes: &[u8] = rug_fuzz_1;
     |                            ^^^^^^^^^^ help: a local variable with a similar name exists: `rug_fuzz_0`

For more information about this error, try `rustc --explain E0425`.
error: could not compile `bstr` due to previous error

err tests_rug_264 test_rug
   Compiling bstr v0.2.14 (/mnt/sda/xiang/syrust/syrust/bstr1)
error[E0425]: cannot find value `rug_fuzz_1` in this scope
    --> src/impls.rs:1962:31
     |
1962 |         let bytes_p1: &[u8] = rug_fuzz_1;
     |                               ^^^^^^^^^^ help: a local variable with a similar name exists: `rug_fuzz_0`

For more information about this error, try `rustc --explain E0425`.
error: could not compile `bstr` due to previous error

err tests_rug_265 test_rug
   Compiling bstr v0.2.14 (/mnt/sda/xiang/syrust/syrust/bstr1)
error[E0425]: cannot find value `rug_fuzz_1` in this scope
    --> src/impls.rs:1980:29
     |
1980 |         let bytes2: &[u8] = rug_fuzz_1;
     |                             ^^^^^^^^^^ help: a local variable with a similar name exists: `rug_fuzz_0`

For more information about this error, try `rustc --explain E0425`.
error: could not compile `bstr` due to previous error

err tests_rug_271 test_rug
   Compiling bstr v0.2.14 (/mnt/sda/xiang/syrust/syrust/bstr1)
error[E0425]: cannot find value `p0` in this scope
    --> src/impls.rs:2125:34
     |
2125 |         <std::vec::Vec<u8>>::eq(&p0, &p1);
     |                                  ^^ help: a local variable with a similar name exists: `p1`

For more information about this error, try `rustc --explain E0425`.
error: could not compile `bstr` due to previous error

err tests_rug_273_prepare sample2
   Compiling bstr v0.2.14 (/mnt/sda/xiang/syrust/syrust/bstr1)
error[E0425]: cannot find value `bytes` in this scope
    --> src/impls.rs:2175:28
     |
2175 |         let v8 = BStr::new(bytes);
     |                            ^^^^^ not found in this scope

For more information about this error, try `rustc --explain E0425`.
error: could not compile `bstr` due to previous error

err tests_rug_273 test_rug
   Compiling bstr v0.2.14 (/mnt/sda/xiang/syrust/syrust/bstr1)
error[E0425]: cannot find value `p0` in this scope
    --> src/impls.rs:2190:34
     |
2190 |         <std::vec::Vec<u8>>::eq(&p0, &p1);
     |                                  ^^ help: a local variable with a similar name exists: `p1`

For more information about this error, try `rustc --explain E0425`.
error: could not compile `bstr` due to previous error

err tests_rug_275 test_rug
   Compiling bstr v0.2.14 (/mnt/sda/xiang/syrust/syrust/bstr1)
error[E0425]: cannot find value `p0` in this scope
    --> src/impls.rs:2230:36
     |
2230 |         <std::string::String>::eq(&p0, &p1);
     |                                    ^^ help: a local variable with a similar name exists: `p1`

For more information about this error, try `rustc --explain E0425`.
error: could not compile `bstr` due to previous error

err tests_rug_279 test_rug
    Blocking waiting for file lock on package cache
   Compiling bstr v0.2.14 (/mnt/sda/xiang/syrust/syrust/bstr1)
error[E0425]: cannot find value `rug_fuzz_1` in this scope
    --> src/impls.rs:2292:28
     |
2292 |         let bytes: &[u8] = rug_fuzz_1;
     |                            ^^^^^^^^^^ help: a local variable with a similar name exists: `rug_fuzz_0`

For more information about this error, try `rustc --explain E0425`.
error: could not compile `bstr` due to previous error

err tests_rug_281 test_rug
   Compiling bstr v0.2.14 (/mnt/sda/xiang/syrust/syrust/bstr1)
error[E0425]: cannot find value `p0` in this scope
    --> src/impls.rs:2311:9
     |
2311 |         p0.eq(&p1);
     |         ^^ help: a local variable with a similar name exists: `p1`

For more information about this error, try `rustc --explain E0425`.
error: could not compile `bstr` due to previous error

err tests_rug_283 test_rug
   Compiling bstr v0.2.14 (/mnt/sda/xiang/syrust/syrust/bstr1)
error[E0425]: cannot find value `rug_fuzz_1` in this scope
    --> src/impls.rs:2330:28
     |
2330 |         let bytes: &[u8] = rug_fuzz_1;
     |                            ^^^^^^^^^^ help: a local variable with a similar name exists: `rug_fuzz_0`

For more information about this error, try `rustc --explain E0425`.
error: could not compile `bstr` due to previous error

err tests_rug_284 test_rug
   Compiling bstr v0.2.14 (/mnt/sda/xiang/syrust/syrust/bstr1)
error[E0425]: cannot find value `rug_fuzz_1` in this scope
    --> src/impls.rs:2348:29
     |
2348 |         let bytes1: &[u8] = rug_fuzz_1;
     |                             ^^^^^^^^^^ help: a local variable with a similar name exists: `rug_fuzz_0`

For more information about this error, try `rustc --explain E0425`.
error: could not compile `bstr` due to previous error

err tests_rug_285 test_rug
   Compiling bstr v0.2.14 (/mnt/sda/xiang/syrust/syrust/bstr1)
error[E0425]: cannot find value `rug_fuzz_1` in this scope
    --> src/impls.rs:2366:29
     |
2366 |         let bytes2: &[u8] = rug_fuzz_1;
     |                             ^^^^^^^^^^ help: a local variable with a similar name exists: `rug_fuzz_0`

For more information about this error, try `rustc --explain E0425`.
error: could not compile `bstr` due to previous error

err tests_rug_286 test_rug
   Compiling bstr v0.2.14 (/mnt/sda/xiang/syrust/syrust/bstr1)
error[E0425]: cannot find value `rug_fuzz_1` in this scope
    --> src/impls.rs:2384:29
     |
2384 |         let bytes2: &[u8] = rug_fuzz_1;
     |                             ^^^^^^^^^^ help: a local variable with a similar name exists: `rug_fuzz_0`

For more information about this error, try `rustc --explain E0425`.
error: could not compile `bstr` due to previous error

err tests_rug_287 test_rug
   Compiling bstr v0.2.14 (/mnt/sda/xiang/syrust/syrust/bstr1)
error[E0425]: cannot find value `rug_fuzz_1` in this scope
    --> src/impls.rs:2401:28
     |
2401 |         let bytes: &[u8] = rug_fuzz_1;
     |                            ^^^^^^^^^^ help: a local variable with a similar name exists: `rug_fuzz_0`

For more information about this error, try `rustc --explain E0425`.
error: could not compile `bstr` due to previous error

err tests_rug_288 test_partial_cmp
   Compiling bstr v0.2.14 (/mnt/sda/xiang/syrust/syrust/bstr1)
error[E0425]: cannot find value `rug_fuzz_1` in this scope
    --> src/impls.rs:2419:29
     |
2419 |         let bytes2: &[u8] = rug_fuzz_1;
     |                             ^^^^^^^^^^ help: a local variable with a similar name exists: `rug_fuzz_0`

For more information about this error, try `rustc --explain E0425`.
error: could not compile `bstr` due to previous error

err tests_rug_292 test_rug
   Compiling bstr v0.2.14 (/mnt/sda/xiang/syrust/syrust/bstr1)
error: lifetime may not live long enough
    --> src/impls.rs:2485:17
     |
2479 |         .for_each(|rug_data| {
     |                    -------- has type `&'1 [u8]`
...
2485 |         let p1: &'static str = rug_fuzz_1;
     |                 ^^^^^^^^^^^^ type annotation requires that `'1` must outlive `'static`

error: could not compile `bstr` due to previous error
warning: build failed, waiting for other jobs to finish...

err tests_rug_295 test_rug
   Compiling bstr v0.2.14 (/mnt/sda/xiang/syrust/syrust/bstr1)
error[E0425]: cannot find value `p0` in this scope
    --> src/impls.rs:2527:33
     |
2527 |         <Vec<u8>>::partial_cmp(&p0, &p1);
     |                                 ^^ help: a local variable with a similar name exists: `p1`

For more information about this error, try `rustc --explain E0425`.
error: could not compile `bstr` due to previous error

err tests_rug_297_prepare sample_bstr
   Compiling bstr v0.2.14 (/mnt/sda/xiang/syrust/syrust/bstr1)
error[E0425]: cannot find value `bytes` in this scope
    --> src/impls.rs:2581:28
     |
2581 |         let v8 = BStr::new(bytes);
     |                            ^^^^^ not found in this scope

For more information about this error, try `rustc --explain E0425`.
error: could not compile `bstr` due to previous error

err tests_rug_297_prepare test_partial_cmp
   Compiling bstr v0.2.14 (/mnt/sda/xiang/syrust/syrust/bstr1)
error[E0425]: cannot find value `p0` in this scope
    --> src/impls.rs:2593:33
     |
2593 |         <Vec<u8>>::partial_cmp(&p0, p1);
     |                                 ^^ help: a local variable with a similar name exists: `p1`

For more information about this error, try `rustc --explain E0425`.
error: could not compile `bstr` due to previous error

err tests_rug_299 test_rug
   Compiling bstr v0.2.14 (/mnt/sda/xiang/syrust/syrust/bstr1)
error[E0425]: cannot find value `p0` in this scope
    --> src/impls.rs:2632:45
     |
2632 |         <std::string::String>::partial_cmp(&p0, &p1);
     |                                             ^^ help: a local variable with a similar name exists: `p1`

For more information about this error, try `rustc --explain E0425`.
error: could not compile `bstr` due to previous error

err tests_rug_301 test_rug
   Compiling bstr v0.2.14 (/mnt/sda/xiang/syrust/syrust/bstr1)
error[E0425]: cannot find value `p0` in this scope
    --> src/impls.rs:2671:45
     |
2671 |         <std::string::String>::partial_cmp(&p0, &p1);
     |                                             ^^ help: a local variable with a similar name exists: `p1`

For more information about this error, try `rustc --explain E0425`.
error: could not compile `bstr` due to previous error

/mnt/sda/xiang/syrust/syrust/bstr1/./src/ext_vec.rs
err tests_rug_137_prepare test_bstr_join
   Compiling bstr v0.2.14 (/mnt/sda/xiang/syrust/syrust/bstr1)
error[E0425]: cannot find value `rug_fuzz_1` in this scope
    --> src/ext_vec.rs:1055:39
     |
1055 |         let elements = vec![BStr::new(rug_fuzz_1), BStr::new(b"bar"), BStr::new(b"baz")];
     |                                       ^^^^^^^^^^ help: a local variable with a similar name exists: `rug_fuzz_0`

For more information about this error, try `rustc --explain E0425`.
error: could not compile `bstr` due to previous error

err tests_rug_149 test_rug
   Compiling bstr v0.2.14 (/mnt/sda/xiang/syrust/syrust/bstr1)
error: unexpected closing delimiter: `}`
    --> src/ext_vec.rs:1123:8
     |
1101 |     fn test_rug() {
     |                   - this opening brace...
...
1123 | });    }
     | -      ^ unexpected closing delimiter
     | |
     | ...matches this closing brace

error: mismatched closing delimiter: `}`
    --> src/ext_vec.rs:1106:18
     |
1097 | mod tests_rug_149 {
     |                   - closing delimiter possibly meant for this
...
1106 |         .for_each(|rug_data| {
     |                  ^ unclosed delimiter
...
1123 | });    }
     | ^ mismatched closing delimiter

error: mismatched closing delimiter: `)`
    --> src/ext_vec.rs:1097:19
     |
1097 | mod tests_rug_149 {
     |                   ^ unclosed delimiter
...
1123 | });    }
     |  ^ mismatched closing delimiter

error: could not compile `bstr` due to 3 previous errors
warning: build failed, waiting for other jobs to finish...
error: could not compile `bstr` due to 3 previous errors

err tests_rug_150_prepare sample
   Compiling bstr v0.2.14 (/mnt/sda/xiang/syrust/syrust/bstr1)
error[E0416]: identifier `rug_fuzz_0` is bound more than once in the same pattern
    --> src/ext_vec.rs:1142:76
     |
1142 | ...   if let Ok((mut rug_fuzz_0, mut rug_fuzz_1, mut rug_fuzz_2, mut rug_fuzz_0)) = <(i32, &str, i32, &str) as arbitrary::Arbitrary>::arb...
     |                                                                      ^^^^^^^^^^ used in a pattern more than once

For more information about this error, try `rustc --explain E0416`.
error: could not compile `bstr` due to previous error
warning: build failed, waiting for other jobs to finish...

err tests_rug_158 test_pop_char
   Compiling bstr v0.2.14 (/mnt/sda/xiang/syrust/syrust/bstr1)
error[E0425]: cannot find value `p0` in this scope
    --> src/ext_vec.rs:1350:26
     |
1350 |         debug_assert_eq!(p0.pop_char(), Some('o'));
     |                          ^^ not found in this scope

error[E0425]: cannot find value `p0` in this scope
    --> src/ext_vec.rs:1351:26
     |
1351 |         debug_assert_eq!(p0.pop_char(), Some('o'));
     |                          ^^ not found in this scope

error[E0425]: cannot find value `p0` in this scope
    --> src/ext_vec.rs:1352:26
     |
1352 |         debug_assert_eq!(p0.pop_char(), Some('f'));
     |                          ^^ not found in this scope

error[E0425]: cannot find value `p0` in this scope
    --> src/ext_vec.rs:1353:26
     |
1353 |         debug_assert_eq!(p0.pop_char(), None);
     |                          ^^ not found in this scope

For more information about this error, try `rustc --explain E0425`.
error: could not compile `bstr` due to 4 previous errors

err tests_rug_170 test_rug
   Compiling bstr v0.2.14 (/mnt/sda/xiang/syrust/syrust/bstr1)
error[E0425]: cannot find value `bytes` in this scope
    --> src/ext_vec.rs:1544:19
     |
1544 |         let err = bytes.into_string().unwrap_err();
     |                   ^^^^^ not found in this scope

For more information about this error, try `rustc --explain E0425`.
error: could not compile `bstr` due to previous error

err tests_rug_171 test_into_vec
   Compiling bstr v0.2.14 (/mnt/sda/xiang/syrust/syrust/bstr1)
error[E0425]: cannot find value `rug_fuzz_1` in this scope
    --> src/ext_vec.rs:1559:37
     |
1559 |         let bytes = Vec::from_slice(rug_fuzz_1);
     |                                     ^^^^^^^^^^ help: a local variable with a similar name exists: `rug_fuzz_0`

For more information about this error, try `rustc --explain E0425`.
error: could not compile `bstr` due to previous error

err tests_rug_172 test_rug
   Compiling bstr v0.2.14 (/mnt/sda/xiang/syrust/syrust/bstr1)
error[E0425]: cannot find value `bytes` in this scope
    --> src/ext_vec.rs:1574:19
     |
1574 |         let err = bytes.into_string().unwrap_err();
     |                   ^^^^^ not found in this scope

For more information about this error, try `rustc --explain E0425`.
error: could not compile `bstr` due to previous error

/mnt/sda/xiang/syrust/syrust/bstr1/./src/lib.rs
/mnt/sda/xiang/syrust/syrust/bstr1/./src/ext_slice.rs
err tests_rug_99 test_rug
   Compiling bstr v0.2.14 (/mnt/sda/xiang/syrust/syrust/bstr1)
error[E0425]: cannot find value `sample_data` in this scope
    --> src/ext_slice.rs:3583:25
     |
3583 |         let p0: &[u8] = sample_data;
     |                         ^^^^^^^^^^^ not found in this scope

For more information about this error, try `rustc --explain E0425`.
error: could not compile `bstr` due to previous error

err tests_rug_101 test_rug
   Compiling bstr v0.2.14 (/mnt/sda/xiang/syrust/syrust/bstr1)
error[E0425]: cannot find value `bytes` in this scope
    --> src/ext_slice.rs:3616:28
     |
3616 |         let p0 = BStr::new(bytes);
     |                            ^^^^^ not found in this scope

For more information about this error, try `rustc --explain E0425`.
error: could not compile `bstr` due to previous error

err tests_rug_102 test_rug
   Compiling bstr v0.2.14 (/mnt/sda/xiang/syrust/syrust/bstr1)
error[E0425]: cannot find value `v22` in this scope
    --> src/ext_slice.rs:3630:34
     |
3630 |         <Finder<'_>>::into_owned(v22);
     |                                  ^^^ not found in this scope

For more information about this error, try `rustc --explain E0425`.
error: could not compile `bstr` due to previous error

err tests_rug_103 test_rug
   Compiling bstr v0.2.14 (/mnt/sda/xiang/syrust/syrust/bstr1)
error[E0425]: cannot find value `p0` in this scope
    --> src/ext_slice.rs:3643:26
     |
3643 |         debug_assert_eq!(p0.needle(), b"example text");
     |                          ^^ not found in this scope

For more information about this error, try `rustc --explain E0425`.
error: could not compile `bstr` due to previous error

err tests_rug_104 test_rug
   Compiling bstr v0.2.14 (/mnt/sda/xiang/syrust/syrust/bstr1)
error[E0425]: cannot find value `rug_fuzz_1` in this scope
    --> src/ext_slice.rs:3658:28
     |
3658 |         let bytes: &[u8] = rug_fuzz_1;
     |                            ^^^^^^^^^^ help: a local variable with a similar name exists: `rug_fuzz_0`

For more information about this error, try `rustc --explain E0425`.
error: could not compile `bstr` due to previous error

err tests_rug_105 test_rug
   Compiling bstr v0.2.14 (/mnt/sda/xiang/syrust/syrust/bstr1)
error[E0425]: cannot find value `bytes` in this scope
    --> src/ext_slice.rs:3674:32
     |
3674 |         let needle = BStr::new(bytes);
     |                                ^^^^^ not found in this scope

For more information about this error, try `rustc --explain E0425`.
error: could not compile `bstr` due to previous error

err tests_rug_109 test_rug
   Compiling bstr v0.2.14 (/mnt/sda/xiang/syrust/syrust/bstr1)
error[E0425]: cannot find value `rug_fuzz_1` in this scope
    --> src/ext_slice.rs:3730:25
     |
3730 |         let p1: &[u8] = rug_fuzz_1;
     |                         ^^^^^^^^^^ help: a local variable with a similar name exists: `rug_fuzz_0`

For more information about this error, try `rustc --explain E0425`.
error: could not compile `bstr` due to previous error

err tests_rug_111 test_rug
   Compiling bstr v0.2.14 (/mnt/sda/xiang/syrust/syrust/bstr1)
error[E0425]: cannot find value `rug_fuzz_1` in this scope
    --> src/ext_slice.rs:3745:18
     |
3745 |         let p1 = rug_fuzz_1;
     |                  ^^^^^^^^^^ help: a local variable with a similar name exists: `rug_fuzz_0`

For more information about this error, try `rustc --explain E0425`.
error: could not compile `bstr` due to previous error

err tests_rug_113 test_rug
    Blocking waiting for file lock on package cache
   Compiling bstr v0.2.14 (/mnt/sda/xiang/syrust/syrust/bstr1)
error[E0425]: cannot find value `rug_fuzz_1` in this scope
    --> src/ext_slice.rs:3760:29
     |
3760 |         let needle: &[u8] = rug_fuzz_1;
     |                             ^^^^^^^^^^ help: a local variable with a similar name exists: `rug_fuzz_0`

For more information about this error, try `rustc --explain E0425`.
error: could not compile `bstr` due to previous error

err tests_rug_120 test_rug
    Blocking waiting for file lock on package cache
    Blocking waiting for file lock on package cache
    Blocking waiting for file lock on package cache
   Compiling bstr v0.2.14 (/mnt/sda/xiang/syrust/syrust/bstr1)
error[E0425]: cannot find value `p0` in this scope
    --> src/ext_slice.rs:3775:27
     |
3775 |         Fields::<'_>::new(p0);
     |                           ^^ not found in this scope

For more information about this error, try `rustc --explain E0425`.
error: could not compile `bstr` due to previous error

err tests_rug_124 test_rug
   Compiling bstr v0.2.14 (/mnt/sda/xiang/syrust/syrust/bstr1)
error[E0425]: cannot find value `rug_fuzz_1` in this scope
    --> src/ext_slice.rs:3789:24
     |
3789 |         let splitter = rug_fuzz_1;
     |                        ^^^^^^^^^^ help: a local variable with a similar name exists: `rug_fuzz_0`

For more information about this error, try `rustc --explain E0425`.
error: could not compile `bstr` due to previous error

err tests_rug_126 test_rug
   Compiling bstr v0.2.14 (/mnt/sda/xiang/syrust/syrust/bstr1)
error[E0425]: cannot find value `rug_fuzz_1` in this scope
    --> src/ext_slice.rs:3806:18
     |
3806 |         let p1 = rug_fuzz_1;
     |                  ^^^^^^^^^^ help: a local variable with a similar name exists: `rug_fuzz_0`

For more information about this error, try `rustc --explain E0425`.
error: could not compile `bstr` due to previous error

err tests_rug_127 test_rug
   Compiling bstr v0.2.14 (/mnt/sda/xiang/syrust/syrust/bstr1)
error[E0425]: cannot find value `rug_fuzz_1` in this scope
    --> src/ext_slice.rs:3822:22
     |
3822 |         let needle = rug_fuzz_1;
     |                      ^^^^^^^^^^ help: a local variable with a similar name exists: `rug_fuzz_0`

For more information about this error, try `rustc --explain E0425`.
error: could not compile `bstr` due to previous error

err tests_rug_128 test_rug
   Compiling bstr v0.2.14 (/mnt/sda/xiang/syrust/syrust/bstr1)
error[E0425]: cannot find value `rug_fuzz_1` in this scope
    --> src/ext_slice.rs:3839:22
     |
3839 |         let mut p1 = rug_fuzz_1;
     |                      ^^^^^^^^^^ help: a local variable with a similar name exists: `rug_fuzz_0`

For more information about this error, try `rustc --explain E0425`.
error: could not compile `bstr` due to previous error

err tests_rug_130 test_rug
   Compiling bstr v0.2.14 (/mnt/sda/xiang/syrust/syrust/bstr1)
error[E0425]: cannot find value `rug_fuzz_1` in this scope
    --> src/ext_slice.rs:3856:33
     |
3856 |         let p1: &'static [u8] = rug_fuzz_1;
     |                                 ^^^^^^^^^^ help: a local variable with a similar name exists: `rug_fuzz_0`

For more information about this error, try `rustc --explain E0425`.
error: could not compile `bstr` due to previous error

err tests_rug_132 test_rug
   Compiling bstr v0.2.14 (/mnt/sda/xiang/syrust/syrust/bstr1)
error[E0425]: cannot find value `bytes` in this scope
    --> src/ext_slice.rs:3872:26
     |
3872 |         Lines::<'_>::new(bytes);
     |                          ^^^^^ not found in this scope

For more information about this error, try `rustc --explain E0425`.
error: could not compile `bstr` due to previous error

err tests_rug_133 test_rug
   Compiling bstr v0.2.14 (/mnt/sda/xiang/syrust/syrust/bstr1)
error[E0425]: cannot find value `data` in this scope
    --> src/ext_slice.rs:3886:36
     |
3886 |         let mut lines = Lines::new(data);
     |                                    ^^^^ not found in this scope

For more information about this error, try `rustc --explain E0425`.
error: could not compile `bstr` due to previous error

err tests_rug_134 test_rug
   Compiling bstr v0.2.14 (/mnt/sda/xiang/syrust/syrust/bstr1)
error[E0425]: cannot find value `p0` in this scope
    --> src/ext_slice.rs:3903:34
     |
3903 |         LinesWithTerminator::new(p0);
     |                                  ^^ not found in this scope

For more information about this error, try `rustc --explain E0425`.
error: could not compile `bstr` due to previous error

err tests_rug_135 test_rug
   Compiling bstr v0.2.14 (/mnt/sda/xiang/syrust/syrust/bstr1)
error[E0425]: cannot find value `bytes` in this scope
    --> src/ext_slice.rs:3917:62
     |
3917 |         let lines_with_terminator = LinesWithTerminator::new(bytes);
     |                                                              ^^^^^ not found in this scope

For more information about this error, try `rustc --explain E0425`.
error: could not compile `bstr` due to previous error

done
